<?xml version="1.0" encoding="UTF-8"?>
<!-- Generated by org.testng.reporters.JUnitReportReporter -->
<testsuite hostname="LAPTOP-LHHKFES4" failures="0" tests="1" name="Cleartrip_Flight.Project02.Different_classes" time="57.469" errors="0" timestamp="2024-09-19T11:32:34 IST" skipped="0">
  <testcase classname="Cleartrip_Flight.Project02.Different_classes" name="roundway" time="57.469"/>
  <system-out/>
</testsuite> <!-- Cleartrip_Flight.Project02.Different_classes -->
