<?xml version="1.0" encoding="UTF-8"?>
<!-- Generated by org.testng.reporters.JUnitReportReporter -->
<testsuite hostname="LAPTOP-LHHKFES4" failures="0" tests="1" name="Cleartrip_Flight.Project02.Login_With_valid_Credentials" time="11.561" errors="0" timestamp="2024-09-07T18:30:41 IST" skipped="0">
  <testcase classname="Cleartrip_Flight.Project02.Login_With_valid_Credentials" name="login" time="11.561"/>
  <system-out/>
</testsuite> <!-- Cleartrip_Flight.Project02.Login_With_valid_Credentials -->
