<?xml version="1.0" encoding="UTF-8"?>
<!-- Generated by org.testng.reporters.JUnitReportReporter -->
<testsuite hostname="LAPTOP-LHHKFES4" failures="0" tests="1" name="Cleartrip_Flight.Project02.One_Way_Trip" time="38.476" errors="0" timestamp="2024-09-17T20:35:26 IST" skipped="0">
  <testcase classname="Cleartrip_Flight.Project02.One_Way_Trip" name="oneway" time="38.476"/>
  <system-out/>
</testsuite> <!-- Cleartrip_Flight.Project02.One_Way_Trip -->
