<?xml version="1.0" encoding="UTF-8"?>
<!-- Generated by org.testng.reporters.JUnitReportReporter -->
<testsuite hostname="LAPTOP-LHHKFES4" failures="0" tests="1" name="Cleartrip_Flight.Project02.Login_with_valid_cred" time="25.886" errors="0" timestamp="2024-09-19T11:25:04 IST" skipped="0">
  <testcase classname="Cleartrip_Flight.Project02.Login_with_valid_cred" name="login" time="25.886"/>
</testsuite> <!-- Cleartrip_Flight.Project02.Login_with_valid_cred -->
